<?xml version="1.0" encoding="UTF-8"?>
<!-- Generated by org.testng.reporters.JUnitReportReporter -->
<testsuite hostname="DESKTOP-8C0LO3K" failures="0" tests="2" name="learnTestNG.MobileTesting" time="0.002" errors="0" timestamp="2024-04-30T13:00:05 IST" skipped="0">
  <testcase classname="learnTestNG.MobileTesting" name="secondMobileTest" time="0.002"/>
  <testcase classname="learnTestNG.MobileTesting" name="firstMobileTest" time="0.000"/>
</testsuite> <!-- learnTestNG.MobileTesting -->
