<?xml version="1.0" encoding="UTF-8"?>
<!-- Generated by org.testng.reporters.JUnitReportReporter -->
<testsuite hostname="DESKTOP-8C0LO3K" failures="0" tests="1" name="learnTestNG.WebTesting" time="0.009" errors="0" timestamp="2024-04-30T12:39:45 IST" skipped="0">
  <testcase classname="learnTestNG.WebTesting" name="secondWebTest" time="0.009"/>
</testsuite> <!-- learnTestNG.WebTesting -->
