<?xml version="1.0" encoding="UTF-8"?>
<!-- Generated by org.testng.reporters.JUnitReportReporter -->
<testsuite hostname="DESKTOP-8C0LO3K" failures="0" tests="3" name="learnTestNG.WebTesting" time="0.011" errors="0" timestamp="2024-04-30T12:15:05 IST" skipped="0">
  <testcase classname="learnTestNG.WebTesting" name="firstWebTest" time="0.006"/>
  <testcase classname="learnTestNG.WebTesting" name="secondWebTest" time="0.003"/>
  <testcase classname="learnTestNG.WebTesting" name="thirdWebTest" time="0.002"/>
</testsuite> <!-- learnTestNG.WebTesting -->
