<?xml version="1.0" encoding="UTF-8"?>
<!-- Generated by org.testng.reporters.JUnitReportReporter -->
<testsuite hostname="DESKTOP-8C0LO3K" failures="0" tests="2" name="learndataProviders.LearnDataProviders" time="0.023" errors="0" timestamp="2024-05-01T12:35:58 IST" skipped="0">
  <testcase classname="learndataProviders.LearnDataProviders" name="mytest" time="0.022"/>
  <testcase classname="learndataProviders.LearnDataProviders" name="mytest" time="0.001"/>
</testsuite> <!-- learndataProviders.LearnDataProviders -->
