<?xml version="1.0" encoding="UTF-8"?>
<!-- Generated by org.testng.reporters.JUnitReportReporter -->
<testsuite hostname="DESKTOP-8C0LO3K" failures="0" tests="3" name="learndataProviders.LearnDataProviders" time="0.010" errors="0" timestamp="2024-05-01T12:42:26 IST" skipped="0">
  <testcase classname="learndataProviders.LearnDataProviders" name="mytest" time="0.008"/>
  <testcase classname="learndataProviders.LearnDataProviders" name="mytest" time="0.001"/>
  <testcase classname="learndataProviders.LearnDataProviders" name="mytest" time="0.001"/>
</testsuite> <!-- learndataProviders.LearnDataProviders -->
