<?xml version="1.0" encoding="UTF-8"?>
<!-- Generated by org.testng.reporters.JUnitReportReporter -->
<testsuite hostname="DESKTOP-8C0LO3K" failures="0" tests="1" name="assertions.AssertionsDemo" time="7.932" errors="0" timestamp="2024-05-02T13:02:21 IST" skipped="0">
  <testcase classname="assertions.AssertionsDemo" name="learningAssertions" time="7.932"/>
</testsuite> <!-- assertions.AssertionsDemo -->
