<?xml version="1.0" encoding="UTF-8"?>
<!-- Generated by org.testng.reporters.JUnitReportReporter -->
<testsuite hostname="DESKTOP-8C0LO3K" failures="0" tests="1" name="assertions.LearnHardAssertion" time="0.006" errors="0" timestamp="2024-05-02T12:26:10 IST" skipped="0">
  <testcase classname="assertions.LearnHardAssertion" name="learnHardAssert" time="0.006"/>
</testsuite> <!-- assertions.LearnHardAssertion -->
