<?xml version="1.0" encoding="UTF-8"?>
<!-- Generated by org.testng.reporters.JUnitReportReporter -->
<testsuite hostname="DESKTOP-8C0LO3K" failures="0" tests="3" name="learnTestNG.WebTesting" time="0.009" errors="0" timestamp="2024-04-29T13:01:23 IST" skipped="0">
  <testcase classname="learnTestNG.WebTesting" name="firstWebTest" time="0.007"/>
  <testcase classname="learnTestNG.WebTesting" name="secondWebTest" time="0.001"/>
  <testcase classname="learnTestNG.WebTesting" name="thirdWebTest" time="0.001"/>
</testsuite> <!-- learnTestNG.WebTesting -->
